<?xml version="1.0" encoding="UTF-8"?>
<testsuite name="uken.boardGames.BoardGamesApplicationTests" tests="1" skipped="0" failures="0" errors="0" timestamp="2023-12-26T14:41:44" hostname="DESKTOP-U3QVGPG" time="0.27">
  <properties/>
  <testcase name="contextLoads()" classname="uken.boardGames.BoardGamesApplicationTests" time="0.27"/>
  <system-out><![CDATA[15:41:42.456 [Test worker] INFO org.springframework.test.context.support.AnnotationConfigContextLoaderUtils -- Could not detect default configuration classes for test class [uken.boardGames.BoardGamesApplicationTests]: BoardGamesApplicationTests does not declare any static, non-private, non-final, nested classes annotated with @Configuration.
15:41:42.511 [Test worker] INFO org.springframework.boot.test.context.SpringBootTestContextBootstrapper -- Found @SpringBootConfiguration uken.boardGames.BoardGamesApplication for test class uken.boardGames.BoardGamesApplicationTests

  .   ____          _            __ _ _
 /\\ / ___'_ __ _ _(_)_ __  __ _ \ \ \ \
( ( )\___ | '_ | '_| | '_ \/ _` | \ \ \ \
 \\/  ___)| |_)| | | | | || (_| |  ) ) ) )
  '  |____| .__|_| |_|_| |_\__, | / / / /
 =========|_|==============|___/=/_/_/_/
 :: Spring Boot ::                (v3.2.1)

2023-12-26T15:41:42.703+01:00  INFO 4028 --- [    Test worker] u.boardGames.BoardGamesApplicationTests  : Starting BoardGamesApplicationTests using Java 17.0.6 with PID 4028 (started by Admin in C:\Users\Admin\board-games\boardGamesBack)
2023-12-26T15:41:42.704+01:00  INFO 4028 --- [    Test worker] u.boardGames.BoardGamesApplicationTests  : No active profile set, falling back to 1 default profile: "default"
2023-12-26T15:41:43.056+01:00  INFO 4028 --- [    Test worker] .s.d.r.c.RepositoryConfigurationDelegate : Bootstrapping Spring Data JPA repositories in DEFAULT mode.
2023-12-26T15:41:43.091+01:00  INFO 4028 --- [    Test worker] .s.d.r.c.RepositoryConfigurationDelegate : Finished Spring Data repository scanning in 29 ms. Found 1 JPA repository interface.
2023-12-26T15:41:43.318+01:00  INFO 4028 --- [    Test worker] com.zaxxer.hikari.HikariDataSource       : HikariPool-1 - Starting...
2023-12-26T15:41:43.417+01:00  INFO 4028 --- [    Test worker] com.zaxxer.hikari.pool.HikariPool        : HikariPool-1 - Added connection org.postgresql.jdbc.PgConnection@26c8b296
2023-12-26T15:41:43.418+01:00  INFO 4028 --- [    Test worker] com.zaxxer.hikari.HikariDataSource       : HikariPool-1 - Start completed.
2023-12-26T15:41:43.449+01:00  INFO 4028 --- [    Test worker] o.hibernate.jpa.internal.util.LogHelper  : HHH000204: Processing PersistenceUnitInfo [name: default]
2023-12-26T15:41:43.487+01:00  INFO 4028 --- [    Test worker] org.hibernate.Version                    : HHH000412: Hibernate ORM core version 6.4.1.Final
2023-12-26T15:41:43.507+01:00  INFO 4028 --- [    Test worker] o.h.c.internal.RegionFactoryInitiator    : HHH000026: Second-level cache disabled
2023-12-26T15:41:43.678+01:00  INFO 4028 --- [    Test worker] o.s.o.j.p.SpringPersistenceUnitInfo      : No LoadTimeWeaver setup: ignoring JPA class transformer
2023-12-26T15:41:43.713+01:00  WARN 4028 --- [    Test worker] org.hibernate.orm.deprecation            : HHH90000025: PostgreSQLDialect does not need to be specified explicitly using 'hibernate.dialect' (remove the property setting and it will be selected by default)
2023-12-26T15:41:44.143+01:00  INFO 4028 --- [    Test worker] o.h.e.t.j.p.i.JtaPlatformInitiator       : HHH000489: No JTA platform available (set 'hibernate.transaction.jta.platform' to enable JTA platform integration)
2023-12-26T15:41:44.145+01:00  INFO 4028 --- [    Test worker] j.LocalContainerEntityManagerFactoryBean : Initialized JPA EntityManagerFactory for persistence unit 'default'
2023-12-26T15:41:44.334+01:00  WARN 4028 --- [    Test worker] JpaBaseConfiguration$JpaWebConfiguration : spring.jpa.open-in-view is enabled by default. Therefore, database queries may be performed during view rendering. Explicitly configure spring.jpa.open-in-view to disable this warning
2023-12-26T15:41:44.352+01:00  WARN 4028 --- [    Test worker] .s.s.UserDetailsServiceAutoConfiguration : 

Using generated security password: 8e12d651-66f3-4cf1-bc07-efa6a6eb471f

This generated password is for development use only. Your security configuration must be updated before running your application in production.

2023-12-26T15:41:44.622+01:00  INFO 4028 --- [    Test worker] o.s.s.web.DefaultSecurityFilterChain     : Will secure any request with [org.springframework.security.web.session.DisableEncodeUrlFilter@69d2c460, org.springframework.security.web.context.request.async.WebAsyncManagerIntegrationFilter@34a99d8, org.springframework.security.web.context.SecurityContextHolderFilter@2caa9666, org.springframework.security.web.header.HeaderWriterFilter@1e2bc241, org.springframework.web.filter.CorsFilter@3e984100, org.springframework.security.web.authentication.logout.LogoutFilter@5ca006ac, org.springframework.security.web.savedrequest.RequestCacheAwareFilter@49741e80, org.springframework.security.web.servletapi.SecurityContextHolderAwareRequestFilter@dd3e1e3, org.springframework.security.web.authentication.AnonymousAuthenticationFilter@13e6c544, org.springframework.security.web.session.SessionManagementFilter@504b4a97, org.springframework.security.web.access.ExceptionTranslationFilter@2267b0bb]
2023-12-26T15:41:44.795+01:00  INFO 4028 --- [    Test worker] u.boardGames.BoardGamesApplicationTests  : Started BoardGamesApplicationTests in 2.203 seconds (process running for 2.754)
]]></system-out>
  <system-err><![CDATA[]]></system-err>
</testsuite>
